<?xml version="1.0" encoding="UTF-8"?>
<!-- Generated by org.testng.reporters.JUnitXMLReporter -->
<testsuite hostname="Savostytskyi" name="Game" tests="6" failures="0" timestamp="17 May 2015 19:41:07 GMT" time="4.951" errors="0">
  <testcase name="prepareGameTest" time="2.436" classname="epam.com.game.GameTest"/>
  <testcase name="prepareGameTest" time="2.473" classname="epam.com.game.GameTest"/>
  <testcase name="prepareGameTestF" time="0.002" classname="epam.com.game.GameTest"/>
  <testcase name="prepareGameTestF" time="0.001" classname="epam.com.game.GameTest"/>
  <testcase name="prepareGameTestF" time="0.002" classname="epam.com.game.GameTest"/>
  <testcase name="prepareGameTestF" time="0.001" classname="epam.com.game.GameTest"/>
</testsuite> <!-- Game -->
