<?xml version="1.0" encoding="UTF-8"?>
<!-- Generated by org.testng.reporters.JUnitXMLReporter -->
<testsuite hostname="EPUAKHAW0236" name="Default test" tests="7" failures="0" timestamp="18 May 2015 11:20:45 GMT" time="2.867" errors="0">
  <testcase name="buildTest" time="0.168" classname="epam.com.game.GameTest"/>
  <testcase name="prepareGameTest" time="0.974" classname="epam.com.game.GameTest"/>
  <testcase name="prepareGameTest" time="1.661" classname="epam.com.game.GameTest"/>
  <testcase name="prepareGameTestF" time="0.0" classname="epam.com.game.GameTest"/>
  <testcase name="prepareGameTestF" time="0.0" classname="epam.com.game.GameTest"/>
  <testcase name="prepareGameTestF" time="0.0" classname="epam.com.game.GameTest"/>
  <testcase name="prepareGameTestF" time="0.0" classname="epam.com.game.GameTest"/>
</testsuite> <!-- Default test -->
