<?xml version="1.0" encoding="UTF-8"?>
<testng-results skipped="0" failed="0" total="7" passed="7">
  <reporter-output>
  </reporter-output>
  <suite name="Default suite" duration-ms="2867" started-at="2015-05-18T11:20:42Z" finished-at="2015-05-18T11:20:45Z">
    <groups>
    </groups>
    <test name="Default test" duration-ms="2867" started-at="2015-05-18T11:20:42Z" finished-at="2015-05-18T11:20:45Z">
      <class name="epam.com.game.GameTest">
        <test-method status="PASS" signature="beforeClass()[pri:0, instance:epam.com.game.GameTest@566776ad]" name="beforeClass" is-config="true" duration-ms="29" started-at="2015-05-18T14:20:42Z" finished-at="2015-05-18T14:20:42Z">
          <reporter-output>
          </reporter-output>
        </test-method> <!-- beforeClass -->
        <test-method status="PASS" signature="beforeMethod()[pri:0, instance:epam.com.game.GameTest@566776ad]" name="beforeMethod" is-config="true" duration-ms="1" started-at="2015-05-18T14:20:42Z" finished-at="2015-05-18T14:20:42Z">
          <reporter-output>
          </reporter-output>
        </test-method> <!-- beforeMethod -->
        <test-method status="PASS" signature="buildTest()[pri:0, instance:epam.com.game.GameTest@566776ad]" name="buildTest" duration-ms="168" started-at="2015-05-18T14:20:42Z" finished-at="2015-05-18T14:20:43Z">
          <reporter-output>
          </reporter-output>
        </test-method> <!-- buildTest -->
        <test-method status="PASS" signature="afterMethod()[pri:0, instance:epam.com.game.GameTest@566776ad]" name="afterMethod" is-config="true" duration-ms="0" started-at="2015-05-18T14:20:43Z" finished-at="2015-05-18T14:20:43Z">
          <reporter-output>
          </reporter-output>
        </test-method> <!-- afterMethod -->
        <test-method status="PASS" signature="prepareGameTest(java.lang.Integer, java.lang.Integer)[pri:0, instance:epam.com.game.GameTest@566776ad]" name="prepareGameTest" duration-ms="974" started-at="2015-05-18T14:20:43Z" description="Initialaizin objects of players" data-provider="dpPlayersOne" finished-at="2015-05-18T14:20:44Z">
          <params>
            <param index="0">
              <value>
                <![CDATA[2]]>
              </value>
            </param>
            <param index="1">
              <value>
                <![CDATA[2]]>
              </value>
            </param>
          </params>
          <reporter-output>
          </reporter-output>
        </test-method> <!-- prepareGameTest -->
        <test-method status="PASS" signature="beforeMethod()[pri:0, instance:epam.com.game.GameTest@566776ad]" name="beforeMethod" is-config="true" duration-ms="0" started-at="2015-05-18T14:20:43Z" finished-at="2015-05-18T14:20:43Z">
          <reporter-output>
          </reporter-output>
        </test-method> <!-- beforeMethod -->
        <test-method status="PASS" signature="beforeMethod()[pri:0, instance:epam.com.game.GameTest@566776ad]" name="beforeMethod" is-config="true" duration-ms="0" started-at="2015-05-18T14:20:44Z" finished-at="2015-05-18T14:20:44Z">
          <reporter-output>
          </reporter-output>
        </test-method> <!-- beforeMethod -->
        <test-method status="PASS" signature="prepareGameTest(java.lang.Integer, java.lang.Integer)[pri:0, instance:epam.com.game.GameTest@566776ad]" name="prepareGameTest" duration-ms="1661" started-at="2015-05-18T14:20:44Z" description="Initialaizin objects of players" data-provider="dpPlayersOne" finished-at="2015-05-18T14:20:45Z">
          <params>
            <param index="0">
              <value>
                <![CDATA[5]]>
              </value>
            </param>
            <param index="1">
              <value>
                <![CDATA[5]]>
              </value>
            </param>
          </params>
          <reporter-output>
          </reporter-output>
        </test-method> <!-- prepareGameTest -->
        <test-method status="PASS" signature="afterMethod()[pri:0, instance:epam.com.game.GameTest@566776ad]" name="afterMethod" is-config="true" duration-ms="0" started-at="2015-05-18T14:20:44Z" finished-at="2015-05-18T14:20:44Z">
          <reporter-output>
          </reporter-output>
        </test-method> <!-- afterMethod -->
        <test-method status="PASS" signature="afterMethod()[pri:0, instance:epam.com.game.GameTest@566776ad]" name="afterMethod" is-config="true" duration-ms="0" started-at="2015-05-18T14:20:45Z" finished-at="2015-05-18T14:20:45Z">
          <reporter-output>
          </reporter-output>
        </test-method> <!-- afterMethod -->
        <test-method status="PASS" signature="beforeMethod()[pri:0, instance:epam.com.game.GameTest@566776ad]" name="beforeMethod" is-config="true" duration-ms="0" started-at="2015-05-18T14:20:45Z" finished-at="2015-05-18T14:20:45Z">
          <reporter-output>
          </reporter-output>
        </test-method> <!-- beforeMethod -->
        <test-method status="PASS" signature="prepareGameTestF(java.lang.Integer, java.lang.Integer)[pri:0, instance:epam.com.game.GameTest@566776ad]" name="prepareGameTestF" duration-ms="0" started-at="2015-05-18T14:20:45Z" description="Initialaizin objects of players" data-provider="dpPlayersTwo" finished-at="2015-05-18T14:20:45Z">
          <params>
            <param index="0">
              <value>
                <![CDATA[-6]]>
              </value>
            </param>
            <param index="1">
              <value>
                <![CDATA[7]]>
              </value>
            </param>
          </params>
          <reporter-output>
          </reporter-output>
        </test-method> <!-- prepareGameTestF -->
        <test-method status="PASS" signature="prepareGameTestF(java.lang.Integer, java.lang.Integer)[pri:0, instance:epam.com.game.GameTest@566776ad]" name="prepareGameTestF" duration-ms="0" started-at="2015-05-18T14:20:45Z" description="Initialaizin objects of players" data-provider="dpPlayersTwo" finished-at="2015-05-18T14:20:45Z">
          <params>
            <param index="0">
              <value>
                <![CDATA[1]]>
              </value>
            </param>
            <param index="1">
              <value>
                <![CDATA[0]]>
              </value>
            </param>
          </params>
          <reporter-output>
          </reporter-output>
        </test-method> <!-- prepareGameTestF -->
        <test-method status="PASS" signature="afterMethod()[pri:0, instance:epam.com.game.GameTest@566776ad]" name="afterMethod" is-config="true" duration-ms="0" started-at="2015-05-18T14:20:45Z" finished-at="2015-05-18T14:20:45Z">
          <reporter-output>
          </reporter-output>
        </test-method> <!-- afterMethod -->
        <test-method status="PASS" signature="prepareGameTestF(java.lang.Integer, java.lang.Integer)[pri:0, instance:epam.com.game.GameTest@566776ad]" name="prepareGameTestF" duration-ms="0" started-at="2015-05-18T14:20:45Z" description="Initialaizin objects of players" data-provider="dpPlayersTwo" finished-at="2015-05-18T14:20:45Z">
          <params>
            <param index="0">
              <value>
                <![CDATA[18]]>
              </value>
            </param>
            <param index="1">
              <value>
                <![CDATA[7]]>
              </value>
            </param>
          </params>
          <reporter-output>
          </reporter-output>
        </test-method> <!-- prepareGameTestF -->
        <test-method status="PASS" signature="prepareGameTestF(java.lang.Integer, java.lang.Integer)[pri:0, instance:epam.com.game.GameTest@566776ad]" name="prepareGameTestF" duration-ms="0" started-at="2015-05-18T14:20:45Z" description="Initialaizin objects of players" data-provider="dpPlayersTwo" finished-at="2015-05-18T14:20:45Z">
          <params>
            <param index="0">
              <value>
                <![CDATA[0]]>
              </value>
            </param>
            <param index="1">
              <value>
                <![CDATA[2]]>
              </value>
            </param>
          </params>
          <reporter-output>
          </reporter-output>
        </test-method> <!-- prepareGameTestF -->
        <test-method status="PASS" signature="afterMethod()[pri:0, instance:epam.com.game.GameTest@566776ad]" name="afterMethod" is-config="true" duration-ms="0" started-at="2015-05-18T14:20:45Z" finished-at="2015-05-18T14:20:45Z">
          <reporter-output>
          </reporter-output>
        </test-method> <!-- afterMethod -->
        <test-method status="PASS" signature="beforeMethod()[pri:0, instance:epam.com.game.GameTest@566776ad]" name="beforeMethod" is-config="true" duration-ms="0" started-at="2015-05-18T14:20:45Z" finished-at="2015-05-18T14:20:45Z">
          <reporter-output>
          </reporter-output>
        </test-method> <!-- beforeMethod -->
        <test-method status="PASS" signature="beforeMethod()[pri:0, instance:epam.com.game.GameTest@566776ad]" name="beforeMethod" is-config="true" duration-ms="0" started-at="2015-05-18T14:20:45Z" finished-at="2015-05-18T14:20:45Z">
          <reporter-output>
          </reporter-output>
        </test-method> <!-- beforeMethod -->
        <test-method status="PASS" signature="beforeMethod()[pri:0, instance:epam.com.game.GameTest@566776ad]" name="beforeMethod" is-config="true" duration-ms="0" started-at="2015-05-18T14:20:45Z" finished-at="2015-05-18T14:20:45Z">
          <reporter-output>
          </reporter-output>
        </test-method> <!-- beforeMethod -->
        <test-method status="PASS" signature="afterMethod()[pri:0, instance:epam.com.game.GameTest@566776ad]" name="afterMethod" is-config="true" duration-ms="0" started-at="2015-05-18T14:20:45Z" finished-at="2015-05-18T14:20:45Z">
          <reporter-output>
          </reporter-output>
        </test-method> <!-- afterMethod -->
        <test-method status="PASS" signature="afterMethod()[pri:0, instance:epam.com.game.GameTest@566776ad]" name="afterMethod" is-config="true" duration-ms="0" started-at="2015-05-18T14:20:45Z" finished-at="2015-05-18T14:20:45Z">
          <reporter-output>
          </reporter-output>
        </test-method> <!-- afterMethod -->
        <test-method status="PASS" signature="afterClass()[pri:0, instance:epam.com.game.GameTest@566776ad]" name="afterClass" is-config="true" duration-ms="0" started-at="2015-05-18T14:20:45Z" finished-at="2015-05-18T14:20:45Z">
          <reporter-output>
          </reporter-output>
        </test-method> <!-- afterClass -->
      </class> <!-- epam.com.game.GameTest -->
    </test> <!-- Default test -->
  </suite> <!-- Default suite -->
</testng-results>
